0.796137908277    0.398820781479    58.1291466713    57.9000138293
0.400656343624    0.362694213627    58.1319939077    58.1100138292
0.855856918903    -2.56410195204    58.6073524031    56.6200138302
1.34207781939    0.812433569951    57.3798984772    57.0800138299
0.391035656497    -0.560616542109    57.3032170367    56.7600138301
-0.407164906852    -1.23326255978    56.5289069727    56.0600138307
0.360438193502    -1.67677446916    56.2620755318    55.1200138313
0.890169347093    -0.0181422305578    55.6106752986    55.1100138313
0.301623345905    0.163309703043    55.276238499    55.2000138313
0.198153082974    -1.19565187346    55.3093943605    54.5400138318
0.679157437784    -3.02530176083    54.9104263923    52.8900138329
2.28661637064    -9.98298093259    54.0994055477    47.6100138368
6.07702255511    -1.13421517049    50.5032851161    47.0700138371
1.68148531249    -2.23071954658    47.8614892064    46.0200138379
1.28461186963    0.847457371682    46.6111923981    46.4100138376
-0.456944241378    7.32600513639    46.197945952    49.8100138352
-0.0657607342383    -2.52961182316    49.7772584043    48.5500138361
-0.852111589691    0.288362430486    48.1363135414    48.690013836
-0.666971355758    -0.246457107853    48.3652653906    48.5700138361
-0.377340856206    0.0    48.38673933    48.5700138361
-0.423904418809    -2.16182767167    48.3641234012    47.5200138368
0.69451105369    0.273568943714    47.8500455856    47.6500138367
0.340670611765    -0.650576935483    47.8123434304    47.340013837
0.196937803686    -1.14068407641    47.4332442205    46.8000138373
0.654741740947    1.06837575172    47.1064330627    47.300013837
0.775328715384    -0.338266285578    47.6667444266    47.1400138371
0.227509642109    1.80313905364    47.2472619139    47.9900138365
-0.136627787893    0.604292386284    47.9244461422    48.2800138363
0.209536183293    -0.745650158595    48.3811779346    47.9200138365
0.378610791097    -2.69198586517    48.10144418    46.6300138375
1.76329200655    0.600471620647    47.4522371441    46.9100138373
0.433042182184    -0.724791940872    47.1131539848    46.5700138375
0.586611376562    -2.53381930112    46.8431988367    45.3900138384
1.9379142422    0.19828149922    46.2696333811    45.4800138383
0.771791825417    -3.69393027179    45.8310248673    43.8000138395
2.62250987974    -3.2876701917    44.9486735298    42.3600138405
2.84200879841    0.0236071688513    43.5638891609    42.3700138405
1.13260985195    3.06820763371    42.8499007916    43.6700138396
0.222150739734    0.320586112963    43.7670270984    43.8100138395
-0.329647250516    -0.958684928143    43.6655953334    43.3900138398
-0.0195587846541    0.230467776058    43.3815272804    43.4900138397
0.224614367976    1.77052139436    43.5876986594    44.2600138392
0.0815423292654    -0.813375253447    44.2961044854    43.9000138394
0.386253038474    0.455580721653    44.0695789768    44.1000138393
0.291071396554    -1.31519233009    44.2283763655    43.5200138397
1.09438297389    2.45863892224    43.9962894614    44.5900138389
0.801721627928    0.336398190935    44.9475016238    44.7400138388
0.481951357494    -0.268216278041    44.9556389429    44.6200138389
0.539679148511    0.605109628114    44.8608187497    44.8900138387
1.23367800363    0.133660016618    45.4438120653    44.9500138387
0.365665707367    0.222469341804    45.1143806247    45.0500138386
1.37613098368    -0.443951028677    45.6699610372    44.8500138387
0.188331795983    -1.15941993127    44.9344806753    44.3300138391
1.36213693651    -0.112790400078    44.9338493316    44.2800138392
0.346612625092    1.26467891729    44.4334939575    44.8400138388
0.0771438478748    0.624442268918    44.8746051508    45.1200138386
-0.200885855759    0.199468023784    45.0293741126    45.2100138385
-0.0561122837252    2.32249431065    45.1846454673    46.2600138377
1.16073148475    0.92952847182    46.7969683832    46.6900138374
0.485574667018    -0.278432129746    46.9167287166    46.5600138375
-0.255778064632    1.05240518475    46.4409235352    47.0500138372
0.542775734696    -1.23273077366    47.3053898954    46.4700138376
0.521810692388    -1.05444341239    46.7124993385    45.9800138379
0.187347065885    0.804697451891    46.0661560448    46.3500138377
-0.322886744672    0.604099064088    46.2003557868    46.6300138375
-0.200011356981    -1.65129695678    46.536748514    45.860013838
0.726165501687    -1.76624455953    46.1930334376    45.0500138386
1.25390901722    -2.37513800342    45.6149000244    43.9800138394
2.15995709015    2.1145968774    44.9299632666    44.9100138387
0.578191984264    0.489868474838    45.1696799389    45.1300138385
0.175518975591    -0.28805663648    45.2092255765    45.0000138386
-0.0681050818149    0.177777722978    44.9693665424    45.0800138386
0.350812363463    -0.909493952624    45.2381601006    44.6700138389
1.96993497804    -0.62681869947    45.5499840662    44.3900138391
0.540256112777    0.180220714128    44.6298336023    44.470013839
0.0904553769033    -3.21564999764    44.5102393577    43.0400138401
2.60850933377    -0.394981285343    44.1627166183    42.8700138402
1.12336929701    1.30627436157    43.3516024133    43.4300138398
0.124509055208    -0.805894285547    43.4840881397    43.08001384
0.266583208894    1.09099314918    43.1948579233    43.5500138397
0.591110125347    -1.42365052244    43.8074423811    42.9300138401
0.756150269441    -2.42254755175    43.2546292555    41.8900138409
1.97132497799    0.859393365463    42.715802147    42.2500138406
0.567355876544    1.27810608926    42.489721777    42.7900138402
0.551995545378    -0.864687730914    43.0262128105    42.4200138405
0.675636124516    -0.848656016694    42.706618778    42.0600138408
0.994868317239    -4.20827250657    42.4784555927    40.290013842
3.52964678903    0.620501151475    41.7121090219    40.5400138419
1.62614855887    -1.38135127871    41.1992546927    39.9800138423
1.47962732141    0.3001499709    40.5715690502    40.1000138422
0.760642303724    1.32169530341    40.4050315113    40.6300138418
1.14178535262    -1.25522969699    41.0939213886    40.1200138422
0.881971355536    -2.01894247246    40.4738608721    39.3100138427
1.78975540291    -3.05265727947    40.0135669394    38.1100138436
2.99575777051    3.33245745933    39.2516975447    39.3800138427
1.54650200666    -2.81868869735    39.989026547    38.2700138435
2.02878558972    -1.35876616547    39.0464303695    37.7500138439
2.10622358126    0.132450282457    38.5451135374    37.8000138438
1.57462421555    1.3492058541    38.3952220153    38.3100138435
0.700563708596    2.29704954678    38.5783998972    39.1900138428
0.847164893308    -0.4848173839    39.5220178818    39.000013843
0.549289401369    0.179487115649    39.2142367855    39.0700138429
0.436579683453    -1.71487013598    39.2405855857    38.4000138434
1.75404218721    -0.598958116973    39.0735662861    38.1700138436
1.90703387698    -1.91249603017    38.8979289384    37.4400138441
2.71928211389    2.00320438604    38.458113444    38.1900138436
1.68166072251    1.38779734877    38.8322403063    38.7200138432
1.1226584885    -3.17665175455    39.1547073653    37.4900138441
3.16015849473    -1.38703602988    38.6747577012    36.9700138444
3.02155865822    -0.973762144788    38.0870844987    36.6100138447
2.23943740704    -0.0273149309235    37.4298721895    36.6000138447
1.1833105543    3.25136488797    37.0331056714    37.7900138438
0.192511723703    1.05848069113    37.8627640509    38.1900138436
1.29968519687    -1.30924278186    38.6863638002    37.6900138439
1.29271133852    1.14088575682    38.1772369264    38.1200138436
0.776672826327    -3.41028207491    38.4160816325    36.8200138445
2.85038985759    -2.06409482261    37.8695277847    36.0600138451
3.16908264717    1.80255061    37.2027854864    36.7100138446
1.28294458679    2.36992555506    37.1809829801    37.580013844
0.86837820777    -0.212879112483    37.9063504947    37.5000138441
1.15759005741    -0.319999881633    37.9341102758    37.3800138441
1.56243335544    -3.26377620994    37.9640516487    36.160013845
3.11345521423    3.37389251107    37.2858396816    37.3800138441
1.05064464655    1.20385188072    37.7727449585    37.8300138438
0.896895509917    5.26037343464    38.1693095394    39.8200138424
1.1174706456    1.02963299141    40.2649908081    40.2300138421
1.79408671237    5.44369685532    40.9517751748    42.4200138405
1.00378541562    -0.518623121313    42.8458197527    42.2000138407
0.877858690601    0.236966746754    42.5704703296    42.3000138406
0.855324137444    1.3711579428    42.6618160691    42.8800138402
0.143889900059    -1.84235015029    42.9417138492    42.0900138407
0.575782801554    6.62865070214    42.3323609016    44.8800138387
0.366974513793    -1.93850207466    45.0447120513    44.0100138394
0.132667628779    -0.0227221014501    44.0684008811    44.0000138394
0.0529325395986    0.477272576811    44.0233041641    44.2100138392
0.266600581048    1.44763582718    44.327877993    44.8500138387
1.06344280936    -5.28427930214    45.3269680859    42.4800138405
3.67873672535    2.49529108728    44.0427417105    43.5400138397
0.280639782736    3.23840043821    43.6622044399    44.9500138387
-0.790649922164    0.889877367217    44.5946165892    45.3500138384
-0.581359276419    -1.1907383348    45.0863673261    44.8100138388
-0.378017341803    4.9765661899    44.6406242156    47.0400138372
1.15587189825    -0.765305896776    47.583736138    46.6800138374
-0.636018079341    0.428448887252    46.38312051    46.8800138373
-0.341152169852    -3.1143335495    46.7200816528    45.4200138383
1.6814106794    0.330250889895    46.1837108016    45.5700138382
0.314428312222    -1.22887827417    45.7132988636    45.0100138386
0.766919055781    -0.533214676821    45.3552042118    44.7700138388
0.525907021152    -2.65802910722    45.005462485    43.5800138397
1.54272921959    0.0917851933647    44.2523354471    43.6200138396
0.403542176788    -1.19211333022    43.796038993    43.10001384
0.889835665293    1.43851461824    43.4835331349    43.7200138396
-0.259046583112    -2.26440916263    43.6067586376    42.7300138403
0.652664053028    -9.99297592759    43.0088972805    38.4600138434
7.93355775143    0.754029889255    41.5112612528    38.7500138432
2.34448503415    1.70322519676    39.6585021184    39.4100138427
0.359323963573    -0.456736708057    39.5516234665    39.2300138428
0.827526954372    0.917664727783    39.5546527816    39.5900138425
0.239009891431    1.06087358637    39.6846378917    40.0100138422
-0.449206117288    -0.049987485794    39.8302864125    39.9900138423
0.234309337232    1.30032463023    40.0837141787    40.5100138419
0.503920607434    7.05998277141    40.7141521497    43.3700138398
0.112481754245    -2.02905169137    43.4187971922    42.4900138405
0.629528881436    -0.564838601201    42.7575007493    42.2500138406
0.890195166849    0.804733463608    42.6261214218    42.5900138404
0.23878659177    0.399154601157    42.6917130829    42.7600138403
0.777297357967    1.68381610485    43.0923862981    43.4800138397
1.76976003527    -2.06991654296    44.249505748    42.5800138404
1.13738406952    0.211366770035    43.0643121346    42.6700138403
0.0382117698935    3.77314149665    42.6863188078    44.2800138392
0.169380294429    -1.6260157508    44.355015457    43.5600138397
0.170427325176    -0.0229568338283    43.6342520061    43.5500138397
0.953930237417    -4.06429262052    43.9654505901    41.780013841
2.55872798459    6.74963873563    42.8490507471    44.6000138389
1.1584209917    -0.179372141523    45.1166697615    44.520013839
-0.567471943511    2.71787875786    44.2673752512    45.7300138381
0.966291111224    5.46686910493    46.171898897    48.2300138363
1.02548458293    -2.03192974943    48.7246051925    47.250013837
0.35601555947    0.0846560598037    47.4182312381    47.290013837
0.173145840706    5.05392112278    47.371894529    49.6800138353
0.338873164145    -2.41545826278    49.8483660701    48.4800138361
-0.265023163503    -3.05280440706    48.3515305698    47.0000138372
1.18786625694    1.14893583113    47.5583111423    47.5400138368
-0.187046173779    3.47076045134    47.4510920599    49.1900138356
0.859102844602    -0.711526532432    49.6126066437    48.8400138359
-0.916676352882    3.17362727228    48.3923089783    50.3900138347
-0.101674889727    1.88529418235    50.3387798437    51.3400138341
-0.395895224716    7.14842035145    51.1367611709    55.0100138314
0.359252480824    1.38156663945    55.2076386708    55.7700138309
-0.137241601249    -1.07584696211    55.6934741709    55.1700138313
-1.06759454435    2.41072986334    54.5810217735    56.5000138303
-1.30888508458    -3.469025697    55.7604935765    54.5400138318
2.00811482255    -0.366703243737    55.6352399337    54.3400138319
-0.748490949253    -0.147221162272    53.9332837465    54.260013832
-1.20625294966    0.497604001063    53.6055008146    54.5300138318
0.768011190201    -1.08197295052    54.94881044    53.9400138322
-1.5030211391    -2.09491974307    53.1292840219    52.810013833
0.295616833319    -0.643817289709    52.9661291236    52.4700138332
0.331448914258    2.99218522003    52.6439251244    54.0400138321
-0.909249787777    -1.33234606808    53.548655121    53.3200138326
-0.290130884744    2.30682610656    53.1653160048    54.5500138317
-0.536742275684    -1.83318010214    54.2572208461    53.5500138325
0.475808640881    -3.69747803383    53.8048094255    51.5700138339
1.43130686534    -1.97789359248    52.3081389824    50.5500138346
0.838840454833    1.40454956513    50.9740478006    51.2600138341
-0.475894343882    0.0390167666561    51.0160703276    51.2800138341
-0.504917261842    -0.702027891226    51.0210921924    50.9200138344
0.182418244517    0.235663722134    51.0129012297    51.0400138343
-0.157881772996    3.21316527096    50.9594309555    52.6800138331
-0.408853605981    4.13819177294    52.4646296969    54.8600138315
0.164000282556    -1.4035723757    54.9499844092    54.0900138321
-0.0299813312731    0.369754018693    54.0737969258    54.2900138319
0.165892758268    -0.47890943741    54.3800770333    54.0300138321
-0.251309606055    -4.46048377065    53.8942312172    51.6200138339
2.53522284629    0.154978648785    52.9286962178    51.7000138338
0.274405136497    -2.01160487615    51.8418813273    50.6600138346
0.847213524217    -3.15830943922    51.0892123231    49.0600138357
1.73820525086    1.50835668727    49.9127775723    49.8000138352
