-0.786596836113    0.537056885727    9.23676840723    9.36000057637
-1.19421362647    2.13675196932    9.24822217405    9.56000057301
-1.79058902024    2.92887006819    9.38882025242    9.84000056832
-2.21444209272    2.94715425188    9.62209945381    10.1300005634
-2.45938797731    0.0987166759723    9.88086454749    10.1400005633
-2.20203384504    0.591715933533    9.91671431899    10.2000005623
-2.17322062535    -1.47058812955    9.97833204627    10.0500005648
-1.58374930233    -0.497512401504    9.89083375096    10.0000005656
-1.51836545803    1.89999986065    9.84816401124    10.1900005624
-1.85428594657    0.196270839652    10.0010488141    10.2100005621
-1.36741573829    -1.66503416051    10.0703874075    10.040000565
-0.63077679114    -2.09163331334    9.97667057157    9.83000056848
-0.359448292299    1.11902331427    9.79466679931    9.94000056664
-0.918591022056    0.301810842922    9.84869261384    9.97000056613
-0.852378630229    -2.20661969725    9.88501841187    9.75000056983
-0.0320354834721    4.61538426821    9.74687711    10.2000005623
-1.43621714555    -0.490196043185    10.0535064054    10.1500005631
-0.738378591566    -2.06896536774    10.0750551319    9.94000056664
-0.414632855757    0.503018071537    9.89878605843    9.9900005658
-0.863466207068    1.10110102026    9.90374028683    10.100000564
-1.3752752669    5.44554415902    9.96109775424    10.6500005547
-2.27311286299    4.88262877174    10.4079140222    11.170000546
-2.62305637294    -0.179051017787    10.8770051348    11.1500005463
