-1.16756218702    -1.89732127327    8.85538700432    8.79000058593
0.487538071454    1.3651875994    8.83285518527    8.91000058392
-0.531952622918    -0.561167181642    8.86260360211    8.86000058476
0.0680507660356    1.12866807813    8.86602988303    8.96000058308
-0.516557861077    -0.781249936051    8.91371699572    8.89000058426
0.453792670544    0.112485929978    8.93034275532    8.90000058409
0.0109897031979    -2.58426944996    8.90097866774    8.67000058795
1.61165602749    0.461360975967    8.80973117501    8.71000058728
0.666302717312    1.26291608195    8.76803555787    8.82000058543
-0.252187043975    0.0    8.79775768667    8.82000058543
0.232123947011    -0.226757350759    8.84047391891    8.80000058577
0.71404150421    1.24999989582    8.86283624232    8.91000058392
0.214215054437    -0.561167181642    8.92908714652    8.86000058476
0.734643841509    0.79006765469    8.92509003341    8.93000058358
0.405595183356    0.895856589358    8.96622023582    9.01000058224
0.0680253223638    1.3318533877    9.01612966418    9.13000058023
-0.512487084506    -0.985761147539    9.08321050644    9.04000058174
0.338172528231    0.221238920104    9.07057138026    9.0600005814
0.179711621165    -2.09713007306    9.07628245533    8.87000058459
1.41585263172    2.81848905669    8.9955867213    9.1200005804
-0.172403886549    -0.548245569946    9.10427734494    9.07000058123
-0.383890196972    -1.10253574326    9.03518173814    8.97000058291
0.0447180863697    -0.891861688506    8.97401179552    8.89000058426
0.233553090121    -7.08661358859    8.91076345533    8.26000059483
3.71915804079    5.32687604034    8.56720307112    8.70000058744
-0.896822452045    -2.41379289996    8.62197702885    8.49000059097
0.36292113969    0.353356859934    8.52081259787    8.52000059046
-0.167906724856    -0.352112645746    8.50569493651    8.49000059097
0.285315672936    1.88456991965    8.51422389328    8.65000058828
-0.70308451042    1.15606926614    8.58918377399    8.7500005866
-0.661000303902    0.0    8.69216305614    8.7500005866
0.124291178966    -1.37142845648    8.76087606549    8.63000058862
1.48520170811    -1.50637298902    8.75817350477    8.5000005908
2.13963216611    3.64705850885    8.68186933756    8.8100005856
-0.523686039084    0.567536842651    8.76386384249    8.86000058476
-0.254126865685    2.5959365797    8.83748494297    9.0900005809
-1.24161313264    1.98019786003    8.97713793993    9.27000057788
-1.621314763    -0.970873709595    9.11970468998    9.18000057939
-0.516980399679    0.108932453171    9.1325417757    9.19000057922
-0.46809733513    -1.52339487298    9.14698243141    9.05000058157
0.249542629204    1.21546951476    9.07258419096    9.16000057972
-0.757611150878    -2.51091682953    9.09060339391    8.93000058358
0.57191326336    5.03919331514    8.98107244134    9.38000057603
-2.43003946593    0.6396587986    9.15206286013    9.44000057503
-1.61285430809    -1.37711853708    9.28774711907    9.31000057721
-0.455224328254    0.537056885727    9.26761918962    9.36000057637
-0.882797582858    2.13675196932    9.27737071753    9.56000057301
-2.04384505068    2.92887006819    9.36460897446    9.84000056832
-2.71261807871    2.94715425188    9.57307893395    10.1300005634
-2.87817221229    0.0987166759723    9.83844170213    10.1400005633
-2.41522208359    0.591715933533    9.8950970304    10.2000005623
-2.11683440075    -1.47058812955    9.9840834415    10.0500005648
-1.21167840105    -0.497512401504    9.92822687864    10.0000005656
-1.4967542098    1.89999986065    9.85032513618    10.1900005624
-2.51649639134    0.196270839652    9.93356956601    10.2100005621
-1.83353648111    -1.66503416051    10.0227964771    10.040000565
-0.576867503814    -2.09163331334    9.98208306432    9.83000056848
-0.0727381072163    1.11902331427    9.82285041213    9.94000056664
-1.12074932585    0.301810842922    9.8285980773    9.97000056613
-1.09296089808    -2.20661969725    9.86103235841    9.75000056983
0.262448760072    4.61538426821    9.77558932543    10.2000005623
-2.27694480946    -0.490196043185    9.96775217891    10.1500005631
-0.525599887119    -2.06896536774    10.0966521716    9.94000056664
-0.106458978442    0.503018071537    9.92941854358    9.9900005658
-0.216593811561    1.10110102026    9.9683628428    10.100000564
-1.67550364522    5.44554415902    9.93077468634    10.6500005547
-3.0995697361    4.88262877174    10.3198963606    11.170000546
-3.1172998562    -0.179051017787    10.821798135    11.1500005463
