-1.45443865655    0.700934415603    8.43550197965    8.62000195681
-1.50549949414    -1.04408328434    8.49022787095    8.53000195726
-1.43090019222    1.99296553487    8.40794614286    8.7000019564
-2.16319356931    -4.02298758055    8.51180407355    8.35000195818
0.637381708386    -1.91616720552    8.40322334331    8.190001959
0.870465497418    1.7094012918    8.26129310029    8.33000195829
-1.17028985589    9.96398320096    8.23251679037    9.16000195405
-2.26714408334    -4.69432211873    8.95233151171    8.73000195624
1.28190837396    0.22909502195    8.84191258237    8.75000195614
-1.43054661478    -5.25714165503    8.62482909936    8.29000195849
0.055560781036    2.05066295501    8.29460794833    8.46000195762
-2.99417552181    1.53664266259    8.20669464986    8.59000195696
-3.26232475218    2.09545934894    8.3097681969    8.77000195604
-2.88332694382    1.36830071406    8.51713412667    8.89000195543
-1.75348977106    -1.23734505335    8.73411668049    8.78000195599
-0.808994170945    0.341685571339    8.70897225196    8.81000195584
-1.33651691492    -2.04313233962    8.69225478949    8.63000195675
-0.478755771303    3.82386933362    8.58868532432    8.96000195507
-1.61272342151    -1.89732100489    8.81550190497    8.79000195594
-0.0186679607146    1.36518740256    8.78836104183    8.91000195532
-0.652367072037    -0.56116710182    8.85187603645    8.86000195558
-0.558832546515    1.12866791668    8.81048938103    8.96000195507
-1.30885381954    -0.781249825544    8.84272862725    8.89000195543
-0.284790841504    0.112485913941    8.86468404405    8.90000195538
-0.70956423032    -2.58426908195    8.836850725    8.67000195655
0.561416926168    0.461360908524    8.71867681503    8.71000195635
-0.425723267222    1.26291589818    8.67292145144    8.82000195578
-1.34793893981    0.0    8.70111371493    8.82000195578
-1.07471832345    -0.226757318175    8.72521177864    8.80000195589
-0.631641245951    1.24999971579    8.74441751389    8.91000195532
-0.371092184152    -0.56116710182    8.87693763446    8.86000195558
-0.175704073952    0.790067541673    8.84443457119    8.93000195522
-0.745625581081    0.895856462213    8.86341757625    9.01000195481
-0.938964579494    1.33185320036    8.92540122785    9.1300019542
-0.959114553099    -0.985761010699    9.04243477676    9.04000195466
-0.138995494422    0.221238889087    9.02743675925    9.06000195456
-0.632595139454    -2.0971297797    9.00268882256    8.87000195553
0.629222390672    2.81848865397    8.92581399389    9.12000195425
0.778198007598    -0.548245493757    9.19097362775    9.07000195451
0.0764308946963    -1.1025355892    9.07693423815    8.97000195502
-0.361408658284    -0.891861562492    8.9375835913    8.89000195543
-0.764282052111    -7.0866125783    8.82205726605    8.26000195864
2.82916302874    5.326875223    8.49369088023    8.7000019564
0.0432078962895    -2.41379254833    8.70376104422    8.49000195747
0.661722901676    0.353356807185    8.54618224477    8.52000195732
-0.946883189161    -0.352112593367    8.43932749107    8.49000195747
-1.46422980692    1.88456963832    8.3656888182    8.65000195665
-2.5401628753    1.15606909675    8.43027781824    8.75000195614
-2.3749011394    0.0    8.54219805999    8.75000195614
-1.45567496159    -1.37142825783    8.62263036853    8.63000195675
-0.213887232707    -1.50637276779    8.61154348439    8.50000195742
0.183254473868    3.64705796505    8.51557859128    8.81000195584
-1.32272432475    0.567536761007    8.69346991695    8.86000195558
-1.04166758063    2.59593620836    8.76771018757    9.09000195441
-0.822243379602    1.98019758394    9.01526001513    9.27000195349
-0.280022750827    -0.970873576858    9.24404383902    9.18000195395
-0.716982535071    0.108932438131    9.11418294322    9.1900019539
-1.43364279779    -1.52339466289    9.05825015277    9.05000195461
-0.722777960145    1.21546934454    8.98459053509    9.16000195405
-0.645520538088    -2.51091648211    9.10087226015    8.93000195522
0.802069389276    5.03919259995    9.00162676737    9.38000195293
-0.494383849105    0.639658712171    9.33362873822    9.44000195262
0.0162068747658    -1.37711835219    9.44153188191    9.31000195328
0.0487820527968    0.537056812616    9.31454356335    9.36000195303
-0.975725913089    2.13675168    9.26867398851    9.56000195201
-1.46489921442    2.92886967991    9.41995755851    9.84000195058
-1.69855270014    2.94715387229    9.67286433175    10.1300019491
-0.565208470742    0.0987166636216    10.07274632    10.140001949
-1.74841202404    0.591715859575    9.96271293573    10.2000019487
-2.18700225923    -1.47058794683    9.97692767568    10.0500019495
-0.779631193317    -0.497512338764    9.97164899938    10.0000019498
-0.85256556357    1.89999961985    9.91474537678    10.1900019488
-1.55801276369    0.19627081524    10.0312404178    10.2100019487
-0.497989921045    -1.66503395383    10.159157168    10.0400019496
0.158681225503    -2.09163304931    10.0559335477    9.83000195063
0.612522714549    1.11902316999    9.89021294542    9.94000195007
-0.726731968646    0.30181080444    9.86776477821    9.97000194991
-1.14230995831    -2.20661941675    9.8561136248    9.75000195104
0.151844567875    4.61538366826    9.76480679937    10.2000019487
-0.955424116409    -0.490195982276    10.1025486702    10.150001949
0.686476759472    -2.0689651094    10.2196793535    9.94000195007
0.644722013421    0.5030180074    10.0040873308    9.99000194981
-0.0100902819898    1.10110088057    9.98899393044    10.1000019493
-1.2063254562    5.44554347569    9.97816305466    10.6500019464
-0.808852963044    4.88262819069    10.5638590901    11.1700019438
0.212115573356    -0.179050997471    11.1936952575    11.1500019439
-0.327820787865    0.627802577927    11.1134499197    11.2200019435
-0.121617724878    -0.891265438213    11.2063564324    11.120001944
-0.629320960668    -2.6978412412    11.050021441    10.8200019456
-0.369579054783    3.69685698737    10.7800134847    11.2200019435
5.96685383638    -3.03030248992    11.8894830599    10.8800019453
5.74262009311    -2.6654406863    11.5047991231    10.5900019467
2.19608881555    1.03871557335    10.8225677951    10.7000019462
0.335916494495    -3.08411157283    10.7359450176    10.3700019479
-0.863722553797    0.57859198094    10.2804339022    10.4300019476
-1.77657940343    2.6845632434    10.2447046812    10.7100019461
