-12.6824921731    5.74632014735    12.4602100503    15.0900019238
-11.4258346089    5.83167583379    13.3658432615    15.9700019193
-16.3948880115    -1.56543499486    13.3517379892    15.7200019206
-14.7753190091    -0.190839670367    13.3973214886    15.6900019207
-17.1853681515    -3.50541701634    12.9936173277    15.1400019235
-13.7452643126    0.660501894218    13.0589686422    15.240001923
-13.3741684504    1.24671899643    13.201778394    15.430001922
-13.1384652037    1.74983775106    13.4027364886    15.7000019207
-16.3162360813    -2.16560481956    13.1383525425    15.3600019224
-13.91826017    0.911458214606    13.2221568927    15.5000019217
-15.0985645143    -0.322580603521    13.1597241318    15.4500019219
-12.6145505297    2.58899642847    13.5010536227    15.8500019199
-9.55250026625    6.68769631667    14.3359304443    16.9100019145
-15.3677326535    -0.473092788494    14.3113180286    16.8300019149
-12.4091642001    3.92156816124    14.7415393424    17.4900019115
-14.3172514884    1.54373910299    14.9859143525    17.7600019101
-15.9739572917    -0.731981899518    14.92302679    17.6300019108
-15.0256250389    0.170164473031    14.9809839293    17.6600019107
-16.472829826    -1.47225351383    14.7508998486    17.400001912
-16.5738809164    -2.12643653709    14.5161463156    17.0300019139
-14.8742160981    0.234879596597    14.4969226277    17.0700019137
-11.8892523491    4.80374870466    15.0405063102    17.8900019095
-18.9176469909    -4.30408001053    14.5056345016    17.1200019134
-18.4380247642    -4.20560698513    13.963411721    16.4000019171
-14.6137639201    0.792682830122    14.003344354    16.5300019164
-14.9639058932    0.0    14.0564679855    16.5300019164
-17.9416977337    -4.23472423032    13.5642389372    15.83000192
-11.7010430069    3.91661352897    13.9777265874    16.4500019168
-13.6959313204    1.64133718638    14.1970209521    16.7200019155
-15.5767580255    -0.418660236982    14.1155676752    16.6500019158
-13.870364957    1.92192169097    14.3405858847    16.9700019142
-16.036628421    -0.648202634241    14.2485857642    16.8600019147
-14.1171315613    2.19454303732    14.4798532632    17.2300019129
-16.7962173173    -1.62507235917    14.3360133478    16.9500019143
-17.289979932    -2.8318580728    14.0193499848    16.4700019167
-18.2350528148    -4.61444995552    13.4666883686    15.7100019206
-13.1619463755    1.27307431272    13.6422598922    15.9100019196
-14.8173795484    -0.502828346571    13.552556549    15.83000192
-21.3733558414    -9.09665077697    12.4465992799    14.3900019274
-11.6218495734    2.50173696974    12.7176175497    14.7500019255
-9.3145330824    5.42372807784    13.3761081165    15.5500019214
-11.7203177605    3.79421173045    13.7274922845    16.1400019184
-19.5085599609    -5.94795465299    12.9913199665    15.1800019233
-17.7582184092    -5.13833924369    12.4843040273    14.4000019273
-12.1859716653    2.15277747866    12.6452217726    14.7100019257
-14.556715169    -1.15567625341    12.568708844    14.5400019266
-18.6037458805    -5.98349298681    11.8350169171    13.670001931
-15.9734455332    -3.43818530511    11.4864316182    13.2000019334
-4.20312265176    11.0606043841    12.6451896621    14.660001926
-11.0814959519    3.47885354976    13.035454406    15.1700019234
-6.40497005959    11.140407232    14.1983678421    16.8600019147
-15.5033477238    0.0593119739815    14.2461371917    16.8700019147
-13.9371220806    2.07468855062    14.5188091528    17.2200019129
-16.3368738539    -1.33565605851    14.4067919227    16.9900019141
-16.0072448755    -0.88287217384    14.2703707033    16.8400019148
-16.4653151878    -1.54394280943    14.0672425219    16.5800019162
-16.6829938066    -1.86972233167    13.8139612234    16.2700019178
-19.7781184712    -6.57652039592    13.0521016632    15.2000019232
-14.8850416376    -0.0657894650242    12.937475308    15.1900019233
-10.8815218273    4.73995987599    13.5370985484    15.9100019196
-15.3253277561    -0.754242519856    13.4717419794    15.7900019202
-14.0761756991    1.45661792816    13.567373507    16.020001919
-17.7498227057    -3.4332080606    13.1764799809    15.4700019218
-16.6946357068    -3.03813793932    12.8873414572    15.0000019242
-21.766499813    -9.06666545729    11.7350265335    13.6400019312
-6.66743954325    9.3108490741    12.7305630487    14.9100019247
-12.708339276    2.48155566968    13.0151882941    15.2800019228
-7.18922488866    11.1256529934    14.1814882216    16.9800019141
-15.9844983999    -0.647820889507    14.2658337799    16.8700019147
-17.1057546087    -2.84528715514    13.9842607847    16.3900019171
-9.41243414688    8.29774151298    14.84730378    17.7500019102
-16.3657786101    -0.112676043637    14.8450758943    17.7300019103
-20.045912212    -5.92216515233    14.1758612922    16.6800019157
-17.4343120123    -2.69784140301    13.771958338    16.230001918
-10.6773811884    6.59272870051    14.4970627463    17.3000019125
-20.0887611442    -5.14450807554    13.8246458504    16.410001917
-9.57729799448    8.10481314953    14.8383671325    17.7400019103
-16.5781411994    -0.281848897186    14.7990393448    17.6900019105
-9.78001059051    11.1362339016    15.9599178502    19.6600019004
-16.0970680156    2.95015229386    16.4953180227    20.2400018975
-12.5403870655    11.1165996916    17.7018273175    22.490001886
-21.2596328378    -1.77856809433    17.7087100598    22.090001888
-16.1595236552    8.01267469299    18.5203628075    23.860001879
-16.1804355659    11.1064533855    19.999349649    26.5100018655
-21.4589714445    4.79064467804    20.8212281352    27.780001859
-25.4769465048    -2.51979823464    20.7025056463    27.0800018626
-23.5507779075    0.110782857398    20.7024507666    27.1100018624
-25.7244324843    -4.38952383686    20.1361077368    25.9200018685
-22.2607385873    -0.231481463613    20.1500180107    25.8600018688
-21.6696715316    1.89481810552    20.2562244058    26.3500018663
-23.3114825915    -0.0759013225099    20.2074257684    26.3300018664
-25.6021018894    -4.44360011809    19.5889679611    25.1600018724
-22.4499204108    -0.794912496404    19.5116014767    24.9600018734
-20.5818200774    3.00480745144    19.8227791965    25.7100018696
-25.7093434068    -5.91209600043    19.100129199    24.1900018773
-20.3877580232    1.28152118379    19.2582028288    24.5000018757
-23.2874314083    -3.34693850218    18.7945807439    23.6800018799
-21.0889049198    0.0844594523232    18.6861487985    23.7000018798
-18.8340705201    4.47257346208    19.2363268125    24.7600018744
-21.1530220733    2.01938594344    19.5225132126    25.2600018719
-24.2536016281    -2.85035606876    19.1335416466    24.5400018755
-24.0087946649    -4.48247722214    18.6482432145    23.4400018812
-22.0364190373    -2.94368575556    18.2746648443    22.7500018847
-19.4271511918    0.659340601353    18.3303246224    22.9000018839
-22.8022193153    -4.890829267    17.6782932311    21.7800018896
-18.18900993    2.1579428688    17.8184351832    22.2500018872
-19.0467742083    1.84269646351    18.0120942664    22.6600018851
-19.530948873    2.38305362895    18.2342885023    23.2000018824
-16.1413095952    9.18103369097    19.4552177525    25.3300018715
-21.3021469738    2.52664804361    19.9341676444    25.9700018682
-24.0318360495    -2.0408161693    19.7289335972    25.4400018709
-22.9607403072    -1.33647788231    19.5987891072    25.1000018727
-21.4163590878    0.756972051213    19.7244953406    25.2900018717
-24.9678802758    -5.37761918705    18.9756244826    23.9300018787
-21.8510087174    -2.04763877572    18.7010550821    23.4400018812
-20.6709602121    -0.554607461192    18.5947284186    23.3100018818
-19.3559113209    1.97340180402    18.7981385887    23.7700018795
-22.3521667727    -2.01935195455    18.4568914175    23.2900018819
-18.5834241343    4.93774109577    18.9619220513    24.440001876
-20.679907112    3.19148910043    19.3858321899    25.2200018721
-24.2011997023    -3.01348112492    19.1164588541    24.4600018759
-20.935995031    1.59443977146    19.3390570986    24.850001874
-23.5042717927    -2.25352094532    19.009189893    24.2900018768
-22.4781549997    -1.97612169807    18.8300576055    23.8100018793
-20.1541046354    1.97396035491    19.0113091868    24.2800018769
-26.3741687637    -8.52553471755    17.876353206    22.2100018874
-19.2040033353    0.675371393458    17.9447923842    22.3600018867
-18.5005859919    3.13059005976    18.2232705098    23.0600018831
-23.0607775553    -4.29314793626    17.7421861446    22.0700018881
-19.0625613839    0.770276323463    17.8628942308    22.2400018873
-18.748009046    1.93345306347    18.0704443216    22.6700018851
-19.9052191409    1.49977931183    18.1574883306    23.0100018833
-22.3715919996    -3.38983021372    17.8622981429    22.2300018873
-21.549251153    -3.28385035671    17.4396029493    21.5000018911
-21.3113072404    -3.53488339197    16.9180704314    20.7400018949
-12.1150974885    11.0896807045    18.2273304462    23.0400018832
-23.0968034742    -4.29687462686    17.7184979278    22.0500018882
-17.9852276681    2.08616761116    18.0842588478    22.5100018859
-19.2426733078    0.977343316061    18.1784757614    22.7300018848
-22.6201078815    -4.31148224257    17.588450937    21.7500018898
-17.9048655125    2.11494233418    17.8556933025    22.2100018874
-20.4101813754    -2.52138653558    17.6769002187    21.6500018903
-21.3707041607    -4.66512658965    17.0232440355    20.6400018954
-18.3363041268    -0.339147253945    16.8553883761    20.5700018958
